0 info it worked if it ends with ok
1 verbose cli [ '/Users/yusefhabib/.nvm/versions/node/v7.7.1/bin/node',
1 verbose cli   '/Users/yusefhabib/.nvm/versions/node/v7.7.1/bin/npm',
1 verbose cli   'run',
1 verbose cli   'build' ]
2 info using npm@4.1.2
3 info using node@v7.7.1
4 verbose run-script [ 'prebuild', 'build', 'postbuild' ]
5 info lifecycle angular@1.0.0~prebuild: angular@1.0.0
6 silly lifecycle angular@1.0.0~prebuild: no script for prebuild, continuing
7 info lifecycle angular@1.0.0~build: angular@1.0.0
8 verbose lifecycle angular@1.0.0~build: unsafe-perm in lifecycle true
9 verbose lifecycle angular@1.0.0~build: PATH: /Users/yusefhabib/.nvm/versions/node/v7.7.1/lib/node_modules/npm/bin/node-gyp-bin:/Users/yusefhabib/Development/JavaScript/FrontendFrameworks/angular/node_modules/.bin:/Library/Frameworks/Python.framework/Versions/3.6/bin:/Users/yusefhabib/.nvm/versions/node/v7.7.1/bin:/usr/local:/usr/local/bin:/usr/local/sbin:/usr/bin:/usr/local/bin:/usr/bin:/bin:/usr/sbin:/sbin:/opt/X11/bin:/usr/local/MacGPG2/bin:/Library/Frameworks/Python.framework/Versions/3.6/bin:/Users/yusefhabib/.sdkman/candidates/springboot/current/bin:/Users/yusefhabib/.sdkman/candidates/maven/current/bin:/Users/yusefhabib/.sdkman/candidates/java/current/bin:/Users/yusefhabib/.sdkman/candidates/gradle/current/bin:/usr/local:/usr/local/sbin:/usr/local/mongodb-osx-x86_64-3.4.0/bin:/usr/local/mongodb-osx-x86_64-3.4.0/bin
10 verbose lifecycle angular@1.0.0~build: CWD: /Users/yusefhabib/Development/JavaScript/FrontendFrameworks/angular
11 silly lifecycle angular@1.0.0~build: Args: [ '-c', 'webpack' ]
12 info lifecycle angular@1.0.0~build: Failed to exec build script
13 verbose stack Error: angular@1.0.0 build: `webpack`
13 verbose stack spawn ENOENT
13 verbose stack     at ChildProcess.<anonymous> (/Users/yusefhabib/.nvm/versions/node/v7.7.1/lib/node_modules/npm/lib/utils/spawn.js:33:16)
13 verbose stack     at emitTwo (events.js:106:13)
13 verbose stack     at ChildProcess.emit (events.js:194:7)
13 verbose stack     at maybeClose (internal/child_process.js:899:16)
13 verbose stack     at Process.ChildProcess._handle.onexit (internal/child_process.js:226:5)
14 verbose pkgid angular@1.0.0
15 verbose cwd /Users/yusefhabib/Development/JavaScript/FrontendFrameworks/angular
16 error Darwin 16.6.0
17 error argv "/Users/yusefhabib/.nvm/versions/node/v7.7.1/bin/node" "/Users/yusefhabib/.nvm/versions/node/v7.7.1/bin/npm" "run" "build"
18 error node v7.7.1
19 error npm  v4.1.2
20 error file sh
21 error code ELIFECYCLE
22 error errno ENOENT
23 error syscall spawn
24 error angular@1.0.0 build: `webpack`
24 error spawn ENOENT
25 error Failed at the angular@1.0.0 build script 'webpack'.
25 error Make sure you have the latest version of node.js and npm installed.
25 error If you do, this is most likely a problem with the angular package,
25 error not with npm itself.
25 error Tell the author that this fails on your system:
25 error     webpack
25 error You can get information on how to open an issue for this project with:
25 error     npm bugs angular
25 error Or if that isn't available, you can get their info via:
25 error     npm owner ls angular
25 error There is likely additional logging output above.
26 verbose exit [ 1, true ]
